[2022-07-22 08:45:31,958] {taskinstance.py:1179} INFO - Dependencies all met for <TaskInstance: dag1.start scheduled__2022-01-14T00:00:00+00:00 [queued]>
[2022-07-22 08:45:31,974] {taskinstance.py:1179} INFO - Dependencies all met for <TaskInstance: dag1.start scheduled__2022-01-14T00:00:00+00:00 [queued]>
[2022-07-22 08:45:31,976] {taskinstance.py:1376} INFO - 
--------------------------------------------------------------------------------
[2022-07-22 08:45:31,977] {taskinstance.py:1377} INFO - Starting attempt 1 of 1
[2022-07-22 08:45:31,984] {taskinstance.py:1378} INFO - 
--------------------------------------------------------------------------------
[2022-07-22 08:45:31,999] {taskinstance.py:1397} INFO - Executing <Task(_PythonDecoratedOperator): start> on 2022-01-14 00:00:00+00:00
[2022-07-22 08:45:32,003] {standard_task_runner.py:52} INFO - Started process 151 to run task
[2022-07-22 08:45:32,006] {standard_task_runner.py:79} INFO - Running: ['***', 'tasks', 'run', 'dag1', 'start', 'scheduled__2022-01-14T00:00:00+00:00', '--job-id', '69', '--raw', '--subdir', 'DAGS_FOLDER/pipeline_4.py', '--cfg-path', '/tmp/tmp5euo0t9z', '--error-file', '/tmp/tmp37jhpd4v']
[2022-07-22 08:45:32,008] {standard_task_runner.py:80} INFO - Job 69: Subtask start
[2022-07-22 08:45:32,061] {task_command.py:371} INFO - Running <TaskInstance: dag1.start scheduled__2022-01-14T00:00:00+00:00 [running]> on host b51f0a1d5848
[2022-07-22 08:45:32,120] {taskinstance.py:1591} INFO - Exporting the following env vars:
AIRFLOW_CTX_DAG_OWNER=***
AIRFLOW_CTX_DAG_ID=dag1
AIRFLOW_CTX_TASK_ID=start
AIRFLOW_CTX_EXECUTION_DATE=2022-01-14T00:00:00+00:00
AIRFLOW_CTX_TRY_NUMBER=1
AIRFLOW_CTX_DAG_RUN_ID=scheduled__2022-01-14T00:00:00+00:00
[2022-07-22 08:45:32,121] {taskinstance.py:1909} ERROR - Task failed with exception
Traceback (most recent call last):
  File "/home/airflow/.local/lib/python3.7/site-packages/airflow/decorators/base.py", line 179, in execute
    return_value = super().execute(context)
  File "/home/airflow/.local/lib/python3.7/site-packages/airflow/operators/python.py", line 171, in execute
    return_value = self.execute_callable()
  File "/home/airflow/.local/lib/python3.7/site-packages/airflow/operators/python.py", line 189, in execute_callable
    return self.python_callable(*self.op_args, **self.op_kwargs)
  File "/opt/airflow/dags/pipeline_4.py", line 6, in add_task
    printf(f'args: x = {x}, y = {y}')
NameError: name 'printf' is not defined
[2022-07-22 08:45:32,131] {taskinstance.py:1420} INFO - Marking task as FAILED. dag_id=dag1, task_id=start, execution_date=20220114T000000, start_date=20220722T084531, end_date=20220722T084532
[2022-07-22 08:45:32,148] {standard_task_runner.py:97} ERROR - Failed to execute job 69 for task start (name 'printf' is not defined; 151)
[2022-07-22 08:45:32,183] {local_task_job.py:156} INFO - Task exited with return code 1
[2022-07-22 08:45:32,216] {local_task_job.py:273} INFO - 0 downstream tasks scheduled from follow-on schedule check
